<?xml version="1.0" encoding="utf-8"?><testsuites name="pytest tests"><testsuite name="pytest" errors="0" failures="0" skipped="0" tests="12" time="2.851" timestamp="2026-02-26T22:10:59.219235+00:00" hostname="agent-env-52a89ce2-1968-4171-b23f-02d161ba709b"><testcase classname="tests.test_backend_api.TestAuth" name="test_auth_me_returns_user_data" time="0.318" /><testcase classname="tests.test_backend_api.TestTasks" name="test_create_task_daily" time="0.255" /><testcase classname="tests.test_backend_api.TestTasks" name="test_get_tasks_for_date_returns_tasks_with_completion" time="0.174" /><testcase classname="tests.test_backend_api.TestTasks" name="test_create_one_off_task" time="0.161" /><testcase classname="tests.test_backend_api.TestTasks" name="test_create_specific_days_task" time="0.254" /><testcase classname="tests.test_backend_api.TestCompletions" name="test_toggle_completion_marks_task_complete" time="0.388" /><testcase classname="tests.test_backend_api.TestSummary" name="test_daily_summary_returns_correct_stats" time="0.133" /><testcase classname="tests.test_backend_api.TestSummary" name="test_weekly_summary_returns_7_days" time="0.142" /><testcase classname="tests.test_backend_api.TestSummary" name="test_analytics_returns_streaks_missed_bestdays_trend" time="0.181" /><testcase classname="tests.test_backend_api.TestTemplates" name="test_get_templates_returns_list" time="0.147" /><testcase classname="tests.test_backend_api.TestTemplates" name="test_apply_template_creates_tasks" time="0.450" /><testcase classname="tests.test_backend_api.TestExport" name="test_export_weekly_returns_text_summary" time="0.188" /></testsuite></testsuites>